<?xml version="1.0" encoding="UTF-8"?>
<!-- Generated by org.testng.reporters.JUnitReportReporter -->
<testsuite skipped="0" hostname="DESKTOP-GJP5FA5" name="suiteCRM.Activity5" tests="1" failures="0" timestamp="27 Aug 2020 06:44:15 GMT" time="25.237" errors="0">
  <testcase name="activityTest5" time="25.237" classname="suiteCRM.Activity5"/>
</testsuite> <!-- suiteCRM.Activity5 -->
