<?xml version="1.0" encoding="UTF-8"?>
<!-- Generated by org.testng.reporters.JUnitReportReporter -->
<testsuite skipped="0" hostname="DESKTOP-GJP5FA5" name="suiteCRM.Activity9" tests="1" failures="0" timestamp="27 Aug 2020 06:44:15 GMT" time="33.988" errors="0">
  <testcase name="activityTest9" time="33.988" classname="suiteCRM.Activity9"/>
</testsuite> <!-- suiteCRM.Activity9 -->
