<?xml version="1.0" encoding="UTF-8"?>
<!-- Generated by org.testng.reporters.JUnitReportReporter -->
<testsuite skipped="0" hostname="DESKTOP-GJP5FA5" name="suiteCRM.Activity3" tests="1" failures="0" timestamp="27 Aug 2020 06:44:15 GMT" time="14.785" errors="0">
  <testcase name="activityTest3" time="14.785" classname="suiteCRM.Activity3"/>
</testsuite> <!-- suiteCRM.Activity3 -->
