<?xml version="1.0" encoding="UTF-8"?>
<!-- Generated by org.testng.reporters.JUnitReportReporter -->
<testsuite skipped="0" hostname="DESKTOP-GJP5FA5" name="suiteCRM.Activity8" tests="1" failures="0" timestamp="27 Aug 2020 06:44:15 GMT" time="30.215" errors="0">
  <testcase name="activityTest8" time="30.215" classname="suiteCRM.Activity8"/>
</testsuite> <!-- suiteCRM.Activity8 -->
