<?xml version="1.0" encoding="UTF-8"?>
<!-- Generated by org.testng.reporters.JUnitReportReporter -->
<testsuite skipped="0" hostname="DESKTOP-GJP5FA5" name="suiteCRM.SuiteCRMTests" tests="1" failures="0" timestamp="26 Aug 2020 07:26:31 GMT" time="0.010" errors="0">
  <testcase name="sampleTest" time="0.010" classname="suiteCRM.SuiteCRMTests"/>
</testsuite> <!-- suiteCRM.SuiteCRMTests -->
